<?xml version="1.0" encoding="UTF-8"?>
<testsuite xmlns:xsi="http://www.w3.org/2001/XMLSchema-instance" xsi:noNamespaceSchemaLocation="https://maven.apache.org/surefire/maven-surefire-plugin/xsd/surefire-test-report-3.0.xsd" version="3.0" name="com.activitypub.listener.controller.MonitorControllerIntegrationTest" time="1.488" tests="1" errors="1" skipped="0" failures="0">
  <properties>
[...]
</properties>
  <testcase name="" classname="com.activitypub.listener.controller.MonitorControllerIntegrationTest" time="1.488">
    <error message="Could not find a valid Docker environment. Please see logs and check configuration" type="java.lang.IllegalStateException"><![CDATA[java.lang.IllegalStateException: Could not find a valid Docker environment. Please see logs and check configuration
	at org.testcontainers.dockerclient.DockerClientProviderStrategy.lambda$getFirstValidStrategy$7(DockerClientProviderStrategy.java:277)
	at java.base/java.util.Optional.orElseThrow(Unknown Source)
	at org.testcontainers.dockerclient.DockerClientProviderStrategy.getFirstValidStrategy(DockerClientProviderStrategy.java:268)
	at org.testcontainers.DockerClientFactory.getOrInitializeStrategy(DockerClientFactory.java:152)
	at org.testcontainers.DockerClientFactory.client(DockerClientFactory.java:194)
	at org.testcontainers.DockerClientFactory$1.getDockerClient(DockerClientFactory.java:106)
	at com.github.dockerjava.api.DockerClientDelegate.authConfig(DockerClientDelegate.java:109)
	at org.testcontainers.containers.GenericContainer.start(GenericContainer.java:332)
	at org.testcontainers.junit.jupiter.TestcontainersExtension$StoreAdapter.start(TestcontainersExtension.java:280)
	at org.testcontainers.junit.jupiter.TestcontainersExtension$StoreAdapter.access$200(TestcontainersExtension.java:267)
	at org.testcontainers.junit.jupiter.TestcontainersExtension.lambda$null$4(TestcontainersExtension.java:82)
	at org.testcontainers.junit.jupiter.TestcontainersExtension.lambda$startContainers$5(TestcontainersExtension.java:82)
	at java.base/java.util.ArrayList.forEach(Unknown Source)
	at org.testcontainers.junit.jupiter.TestcontainersExtension.startContainers(TestcontainersExtension.java:82)
	at org.testcontainers.junit.jupiter.TestcontainersExtension.beforeAll(TestcontainersExtension.java:56)
	at java.base/java.util.ArrayList.forEach(Unknown Source)
]]></error>
    <system-out><![CDATA[01:31:30.192 [main] INFO org.springframework.test.context.support.AnnotationConfigContextLoaderUtils -- Could not detect default configuration classes for test class [com.activitypub.listener.controller.MonitorControllerIntegrationTest]: MonitorControllerIntegrationTest does not declare any static, non-private, non-final, nested classes annotated with @Configuration.
01:31:30.373 [main] INFO org.springframework.boot.test.context.SpringBootTestContextBootstrapper -- Found @SpringBootConfiguration com.activitypub.listener.ActivityPubListenerApplication for test class com.activitypub.listener.controller.MonitorControllerIntegrationTest
01:31:30.838 [main] INFO org.testcontainers.images.PullPolicy -- Image pull policy will be performed by: DefaultPullPolicy()
01:31:30.845 [main] INFO org.testcontainers.utility.ImageNameSubstitutor -- Image name substitution will be performed by: DefaultImageNameSubstitutor (composite of 'ConfigurationFileImageNameSubstitutor' and 'PrefixingImageNameSubstitutor')
01:31:31.532 [main] INFO org.testcontainers.dockerclient.DockerMachineClientProviderStrategy -- docker-machine executable was not found on PATH ([/usr/local/sbin, /usr/local/bin, /usr/sbin, /usr/bin, /sbin, /bin, /usr/games, /usr/local/games, /snap/bin, /home/halamri/.dotnet/tools, /opt/android-studio/jbr/bin, /home/halamri/Workspace/Tools/Android/Sdk/emulator, /home/halamri/Workspace/Tools/Android/Sdk/platform-tools, /opt/android-studio/jbr/bin, /home/halamri/Workspace/Tools/Android/Sdk/emulator, /home/halamri/Workspace/Tools/Android/Sdk/platform-tools])
01:31:31.533 [main] ERROR org.testcontainers.dockerclient.DockerClientProviderStrategy -- Could not find a valid Docker environment. Please check configuration. Attempted configurations were:
	UnixSocketClientProviderStrategy: failed with exception BadRequestException (Status 400: {"message":"client version 1.32 is too old. Minimum supported API version is 1.44, please upgrade your client to a newer version"}
)
	DockerDesktopClientProviderStrategy: failed with exception NullPointerException (Cannot invoke "java.nio.file.Path.toString()" because the return value of "org.testcontainers.dockerclient.DockerDesktopClientProviderStrategy.getSocketPath()" is null)As no valid configuration was found, execution cannot continue.
See https://java.testcontainers.org/on_failure.html for more details.
]]></system-out>
  </testcase>
</testsuite>